/*C1*/SET SCHEMA SYSTEM_LOBS
INSERT INTO BLOCKS VALUES(0,2147483647,0)
COMMIT
/*C2*/SET SCHEMA PUBLIC
CREATE TABLE "PUBLIC"."flyway_schema_history" (\u000a    "installed_rank" INT NOT NULL,\u000a    "version" VARCHAR(50),\u000a    "description" VARCHAR(200) NOT NULL,\u000a    "type" VARCHAR(20) NOT NULL,\u000a    "script" VARCHAR(1000) NOT NULL,\u000a    "checksum" INT,\u000a    "installed_by" VARCHAR(100) NOT NULL,\u000a    "installed_on" TIMESTAMP DEFAULT CURRENT_TIMESTAMP NOT NULL,\u000a    "execution_time" INT NOT NULL,\u000a    "success" BIT NOT NULL\u000a)
ALTER TABLE "PUBLIC"."flyway_schema_history" ADD CONSTRAINT "flyway_schema_history_pk" PRIMARY KEY ("installed_rank")
CREATE INDEX "PUBLIC"."flyway_schema_history_s_idx" ON "PUBLIC"."flyway_schema_history" ("success")
SET SCHEMA "PUBLIC"
CREATE TABLE events (\u000a    id VARCHAR(255) NOT NULL PRIMARY KEY,\u000a    title VARCHAR(255) NOT NULL,\u000a    details VARCHAR(255) NOT NULL,\u000a    slug VARCHAR(255) NOT NULL,\u000a    maximum_attendees INTEGER NOT NULL,\u000a)
INSERT INTO "flyway_schema_history" VALUES(1,'1','create-table-events','SQL','V1__create-table-events.sql',1297544301,'SA','2024-04-03 14:42:23.839663',3,'1')
COMMIT
SET SCHEMA "PUBLIC"
CREATE TABLE attendees (\u000a    id VARCHAR(255) NOT NULL PRIMARY KEY,\u000a    name VARCHAR(255) NOT NULL,\u000a    email VARCHAR(255) NOT NULL,\u000a    event_id VARCHAR(255) NOT NULL,\u000a    created_at TIMESTAMP DEFAULT CURRENT_TIMESTAMP,\u000a    CONSTRAINT attendees_event_id_fkey FOREIGN KEY (event_id) REFERENCES events (id) ON DELETE RESTRICT ON UPDATE CASCADE\u000a)
INSERT INTO "flyway_schema_history" VALUES(2,'2','create-table-attendees','SQL','V2__create-table-attendees.sql',1911608110,'SA','2024-04-03 14:42:23.846934',0,'1')
COMMIT
SET SCHEMA "PUBLIC"
CREATE TABLE check_ins (\u000a    id INTEGER NOT NULL PRIMARY KEY IDENTITY,\u000a    created_at TIMESTAMP DEFAULT CURRENT_TIMESTAMP,\u000a    attendee_id VARCHAR(255) NOT NULL,\u000a    CONSTRAINT check_ins_attendee_id_fkey FOREIGN KEY (attendee_id) REFERENCES attendees (id) ON DELETE RESTRICT ON UPDATE CASCADE\u000a)
INSERT INTO "flyway_schema_history" VALUES(3,'3','create-table-checkins','SQL','V3__create-table-checkins.sql',-378327417,'SA','2024-04-03 14:42:23.852196',0,'1')
COMMIT
SET SCHEMA "PUBLIC"
CREATE UNIQUE INDEX events_slug_key ON events(slug)
CREATE UNIQUE INDEX attendees_event_id_email_key ON attendees(event_id, email)
CREATE UNIQUE INDEX check_ins_attendee_id_key ON check_ins(attendee_id)
INSERT INTO "flyway_schema_history" VALUES(4,'4','create-indexes','SQL','V4__create-indexes.sql',553901455,'SA','2024-04-03 14:42:23.856304',0,'1')
COMMIT
SET SCHEMA "PUBLIC"
